[0.284s] DEBUG:colcon:Command line arguments: ['/usr/bin/colcon', 'list', '-n']
[0.284s] DEBUG:colcon:Parsed command line arguments: Namespace(allow_overriding=[], base_paths=['.'], build_base='build', ignore_user_meta=False, log_base=None, log_level=None, main=<bound method ListVerb.main of <colcon_package_information.verb.list.ListVerb object at 0x7f8fdd0fdf70>>, metas=['./colcon.meta'], names_only=True, packages_above=None, packages_above_and_dependencies=None, packages_above_depth=None, packages_end=None, packages_ignore=None, packages_ignore_regex=None, packages_select=None, packages_select_build_failed=False, packages_select_by_dep=None, packages_select_regex=None, packages_select_test_failures=False, packages_skip=None, packages_skip_build_finished=False, packages_skip_by_dep=None, packages_skip_regex=None, packages_skip_test_passed=False, packages_skip_up_to=None, packages_start=None, packages_up_to=None, packages_up_to_regex=None, paths=None, paths_only=False, topological_graph=False, topological_graph_density=False, topological_graph_dot=False, topological_graph_dot_cluster=False, topological_graph_dot_include_skipped=False, topological_graph_legend=False, topological_order=False, verb_extension=<colcon_package_information.verb.list.ListVerb object at 0x7f8fdd0fdf70>, verb_name='list', verb_parser=<colcon_defaults.argument_parser.defaults.DefaultArgumentsDecorator object at 0x7f8fdd07a5b0>)
[0.337s] Level 1:colcon.colcon_core.package_discovery:discover_packages(colcon_meta) check parameters
[0.337s] Level 1:colcon.colcon_core.package_discovery:discover_packages(recursive) check parameters
[0.337s] Level 1:colcon.colcon_core.package_discovery:discover_packages(ignore) check parameters
[0.337s] Level 1:colcon.colcon_core.package_discovery:discover_packages(path) check parameters
[0.337s] Level 1:colcon.colcon_core.package_discovery:discover_packages(colcon_meta) discover
[0.338s] Level 1:colcon.colcon_core.package_discovery:discover_packages(recursive) discover
[0.338s] INFO:colcon.colcon_core.package_discovery:Crawling recursively for packages in '/home/videh/Documents/Inventory-Dispensing-System/arduino_nano_firmware'
[0.338s] Level 1:colcon.colcon_core.package_identification:_identify(.) by extensions ['ignore', 'ignore_ament_install']
[0.339s] Level 1:colcon.colcon_core.package_identification:_identify(.) by extension 'ignore'
[0.339s] Level 1:colcon.colcon_core.package_identification:_identify(.) by extension 'ignore_ament_install'
[0.339s] Level 1:colcon.colcon_core.package_identification:_identify(.) by extensions ['colcon_pkg']
[0.339s] Level 1:colcon.colcon_core.package_identification:_identify(.) by extension 'colcon_pkg'
[0.340s] Level 1:colcon.colcon_core.package_identification:_identify(.) by extensions ['colcon_meta']
[0.340s] Level 1:colcon.colcon_core.package_identification:_identify(.) by extension 'colcon_meta'
[0.340s] Level 1:colcon.colcon_core.package_identification:_identify(.) by extensions ['ros']
[0.340s] Level 1:colcon.colcon_core.package_identification:_identify(.) by extension 'ros'
[0.365s] Level 1:colcon.colcon_core.package_identification:_identify(.) by extensions ['cmake', 'python']
[0.365s] Level 1:colcon.colcon_core.package_identification:_identify(.) by extension 'cmake'
[0.365s] Level 1:colcon.colcon_core.package_identification:_identify(.) by extension 'python'
[0.365s] Level 1:colcon.colcon_core.package_identification:_identify(.) by extensions ['python_setup_py']
[0.365s] Level 1:colcon.colcon_core.package_identification:_identify(.) by extension 'python_setup_py'
[0.366s] Level 1:colcon.colcon_core.package_identification:_identify(include) by extensions ['ignore', 'ignore_ament_install']
[0.366s] Level 1:colcon.colcon_core.package_identification:_identify(include) by extension 'ignore'
[0.366s] Level 1:colcon.colcon_core.package_identification:_identify(include) by extension 'ignore_ament_install'
[0.366s] Level 1:colcon.colcon_core.package_identification:_identify(include) by extensions ['colcon_pkg']
[0.366s] Level 1:colcon.colcon_core.package_identification:_identify(include) by extension 'colcon_pkg'
[0.366s] Level 1:colcon.colcon_core.package_identification:_identify(include) by extensions ['colcon_meta']
[0.366s] Level 1:colcon.colcon_core.package_identification:_identify(include) by extension 'colcon_meta'
[0.366s] Level 1:colcon.colcon_core.package_identification:_identify(include) by extensions ['ros']
[0.366s] Level 1:colcon.colcon_core.package_identification:_identify(include) by extension 'ros'
[0.367s] Level 1:colcon.colcon_core.package_identification:_identify(include) by extensions ['cmake', 'python']
[0.367s] Level 1:colcon.colcon_core.package_identification:_identify(include) by extension 'cmake'
[0.367s] Level 1:colcon.colcon_core.package_identification:_identify(include) by extension 'python'
[0.367s] Level 1:colcon.colcon_core.package_identification:_identify(include) by extensions ['python_setup_py']
[0.367s] Level 1:colcon.colcon_core.package_identification:_identify(include) by extension 'python_setup_py'
[0.367s] Level 1:colcon.colcon_core.package_identification:_identify(lib) by extensions ['ignore', 'ignore_ament_install']
[0.367s] Level 1:colcon.colcon_core.package_identification:_identify(lib) by extension 'ignore'
[0.367s] Level 1:colcon.colcon_core.package_identification:_identify(lib) by extension 'ignore_ament_install'
[0.368s] Level 1:colcon.colcon_core.package_identification:_identify(lib) by extensions ['colcon_pkg']
[0.368s] Level 1:colcon.colcon_core.package_identification:_identify(lib) by extension 'colcon_pkg'
[0.368s] Level 1:colcon.colcon_core.package_identification:_identify(lib) by extensions ['colcon_meta']
[0.368s] Level 1:colcon.colcon_core.package_identification:_identify(lib) by extension 'colcon_meta'
[0.368s] Level 1:colcon.colcon_core.package_identification:_identify(lib) by extensions ['ros']
[0.368s] Level 1:colcon.colcon_core.package_identification:_identify(lib) by extension 'ros'
[0.369s] Level 1:colcon.colcon_core.package_identification:_identify(lib) by extensions ['cmake', 'python']
[0.369s] Level 1:colcon.colcon_core.package_identification:_identify(lib) by extension 'cmake'
[0.369s] Level 1:colcon.colcon_core.package_identification:_identify(lib) by extension 'python'
[0.369s] Level 1:colcon.colcon_core.package_identification:_identify(lib) by extensions ['python_setup_py']
[0.370s] Level 1:colcon.colcon_core.package_identification:_identify(lib) by extension 'python_setup_py'
[0.370s] Level 1:colcon.colcon_core.package_identification:_identify(lib/HX711_ADC) by extensions ['ignore', 'ignore_ament_install']
[0.370s] Level 1:colcon.colcon_core.package_identification:_identify(lib/HX711_ADC) by extension 'ignore'
[0.370s] Level 1:colcon.colcon_core.package_identification:_identify(lib/HX711_ADC) by extension 'ignore_ament_install'
[0.370s] Level 1:colcon.colcon_core.package_identification:_identify(lib/HX711_ADC) by extensions ['colcon_pkg']
[0.371s] Level 1:colcon.colcon_core.package_identification:_identify(lib/HX711_ADC) by extension 'colcon_pkg'
[0.371s] Level 1:colcon.colcon_core.package_identification:_identify(lib/HX711_ADC) by extensions ['colcon_meta']
[0.371s] Level 1:colcon.colcon_core.package_identification:_identify(lib/HX711_ADC) by extension 'colcon_meta'
[0.371s] Level 1:colcon.colcon_core.package_identification:_identify(lib/HX711_ADC) by extensions ['ros']
[0.371s] Level 1:colcon.colcon_core.package_identification:_identify(lib/HX711_ADC) by extension 'ros'
[0.371s] Level 1:colcon.colcon_core.package_identification:_identify(lib/HX711_ADC) by extensions ['cmake', 'python']
[0.372s] Level 1:colcon.colcon_core.package_identification:_identify(lib/HX711_ADC) by extension 'cmake'
[0.372s] Level 1:colcon.colcon_core.package_identification:_identify(lib/HX711_ADC) by extension 'python'
[0.372s] Level 1:colcon.colcon_core.package_identification:_identify(lib/HX711_ADC) by extensions ['python_setup_py']
[0.372s] Level 1:colcon.colcon_core.package_identification:_identify(lib/HX711_ADC) by extension 'python_setup_py'
[0.372s] Level 1:colcon.colcon_core.package_identification:_identify(lib/HX711_ADC/examples) by extensions ['ignore', 'ignore_ament_install']
[0.373s] Level 1:colcon.colcon_core.package_identification:_identify(lib/HX711_ADC/examples) by extension 'ignore'
[0.373s] Level 1:colcon.colcon_core.package_identification:_identify(lib/HX711_ADC/examples) by extension 'ignore_ament_install'
[0.373s] Level 1:colcon.colcon_core.package_identification:_identify(lib/HX711_ADC/examples) by extensions ['colcon_pkg']
[0.373s] Level 1:colcon.colcon_core.package_identification:_identify(lib/HX711_ADC/examples) by extension 'colcon_pkg'
[0.373s] Level 1:colcon.colcon_core.package_identification:_identify(lib/HX711_ADC/examples) by extensions ['colcon_meta']
[0.373s] Level 1:colcon.colcon_core.package_identification:_identify(lib/HX711_ADC/examples) by extension 'colcon_meta'
[0.374s] Level 1:colcon.colcon_core.package_identification:_identify(lib/HX711_ADC/examples) by extensions ['ros']
[0.374s] Level 1:colcon.colcon_core.package_identification:_identify(lib/HX711_ADC/examples) by extension 'ros'
[0.374s] Level 1:colcon.colcon_core.package_identification:_identify(lib/HX711_ADC/examples) by extensions ['cmake', 'python']
[0.374s] Level 1:colcon.colcon_core.package_identification:_identify(lib/HX711_ADC/examples) by extension 'cmake'
[0.374s] Level 1:colcon.colcon_core.package_identification:_identify(lib/HX711_ADC/examples) by extension 'python'
[0.374s] Level 1:colcon.colcon_core.package_identification:_identify(lib/HX711_ADC/examples) by extensions ['python_setup_py']
[0.374s] Level 1:colcon.colcon_core.package_identification:_identify(lib/HX711_ADC/examples) by extension 'python_setup_py'
[0.375s] Level 1:colcon.colcon_core.package_identification:_identify(lib/HX711_ADC/examples/Calibration) by extensions ['ignore', 'ignore_ament_install']
[0.375s] Level 1:colcon.colcon_core.package_identification:_identify(lib/HX711_ADC/examples/Calibration) by extension 'ignore'
[0.375s] Level 1:colcon.colcon_core.package_identification:_identify(lib/HX711_ADC/examples/Calibration) by extension 'ignore_ament_install'
[0.375s] Level 1:colcon.colcon_core.package_identification:_identify(lib/HX711_ADC/examples/Calibration) by extensions ['colcon_pkg']
[0.375s] Level 1:colcon.colcon_core.package_identification:_identify(lib/HX711_ADC/examples/Calibration) by extension 'colcon_pkg'
[0.376s] Level 1:colcon.colcon_core.package_identification:_identify(lib/HX711_ADC/examples/Calibration) by extensions ['colcon_meta']
[0.376s] Level 1:colcon.colcon_core.package_identification:_identify(lib/HX711_ADC/examples/Calibration) by extension 'colcon_meta'
[0.376s] Level 1:colcon.colcon_core.package_identification:_identify(lib/HX711_ADC/examples/Calibration) by extensions ['ros']
[0.376s] Level 1:colcon.colcon_core.package_identification:_identify(lib/HX711_ADC/examples/Calibration) by extension 'ros'
[0.376s] Level 1:colcon.colcon_core.package_identification:_identify(lib/HX711_ADC/examples/Calibration) by extensions ['cmake', 'python']
[0.376s] Level 1:colcon.colcon_core.package_identification:_identify(lib/HX711_ADC/examples/Calibration) by extension 'cmake'
[0.376s] Level 1:colcon.colcon_core.package_identification:_identify(lib/HX711_ADC/examples/Calibration) by extension 'python'
[0.377s] Level 1:colcon.colcon_core.package_identification:_identify(lib/HX711_ADC/examples/Calibration) by extensions ['python_setup_py']
[0.377s] Level 1:colcon.colcon_core.package_identification:_identify(lib/HX711_ADC/examples/Calibration) by extension 'python_setup_py'
[0.377s] Level 1:colcon.colcon_core.package_identification:_identify(lib/HX711_ADC/examples/Persistent_zero_offset) by extensions ['ignore', 'ignore_ament_install']
[0.377s] Level 1:colcon.colcon_core.package_identification:_identify(lib/HX711_ADC/examples/Persistent_zero_offset) by extension 'ignore'
[0.377s] Level 1:colcon.colcon_core.package_identification:_identify(lib/HX711_ADC/examples/Persistent_zero_offset) by extension 'ignore_ament_install'
[0.378s] Level 1:colcon.colcon_core.package_identification:_identify(lib/HX711_ADC/examples/Persistent_zero_offset) by extensions ['colcon_pkg']
[0.378s] Level 1:colcon.colcon_core.package_identification:_identify(lib/HX711_ADC/examples/Persistent_zero_offset) by extension 'colcon_pkg'
[0.378s] Level 1:colcon.colcon_core.package_identification:_identify(lib/HX711_ADC/examples/Persistent_zero_offset) by extensions ['colcon_meta']
[0.378s] Level 1:colcon.colcon_core.package_identification:_identify(lib/HX711_ADC/examples/Persistent_zero_offset) by extension 'colcon_meta'
[0.378s] Level 1:colcon.colcon_core.package_identification:_identify(lib/HX711_ADC/examples/Persistent_zero_offset) by extensions ['ros']
[0.378s] Level 1:colcon.colcon_core.package_identification:_identify(lib/HX711_ADC/examples/Persistent_zero_offset) by extension 'ros'
[0.379s] Level 1:colcon.colcon_core.package_identification:_identify(lib/HX711_ADC/examples/Persistent_zero_offset) by extensions ['cmake', 'python']
[0.379s] Level 1:colcon.colcon_core.package_identification:_identify(lib/HX711_ADC/examples/Persistent_zero_offset) by extension 'cmake'
[0.379s] Level 1:colcon.colcon_core.package_identification:_identify(lib/HX711_ADC/examples/Persistent_zero_offset) by extension 'python'
[0.379s] Level 1:colcon.colcon_core.package_identification:_identify(lib/HX711_ADC/examples/Persistent_zero_offset) by extensions ['python_setup_py']
[0.379s] Level 1:colcon.colcon_core.package_identification:_identify(lib/HX711_ADC/examples/Persistent_zero_offset) by extension 'python_setup_py'
[0.379s] Level 1:colcon.colcon_core.package_identification:_identify(lib/HX711_ADC/examples/Read_1x_load_cell) by extensions ['ignore', 'ignore_ament_install']
[0.380s] Level 1:colcon.colcon_core.package_identification:_identify(lib/HX711_ADC/examples/Read_1x_load_cell) by extension 'ignore'
[0.380s] Level 1:colcon.colcon_core.package_identification:_identify(lib/HX711_ADC/examples/Read_1x_load_cell) by extension 'ignore_ament_install'
[0.380s] Level 1:colcon.colcon_core.package_identification:_identify(lib/HX711_ADC/examples/Read_1x_load_cell) by extensions ['colcon_pkg']
[0.380s] Level 1:colcon.colcon_core.package_identification:_identify(lib/HX711_ADC/examples/Read_1x_load_cell) by extension 'colcon_pkg'
[0.380s] Level 1:colcon.colcon_core.package_identification:_identify(lib/HX711_ADC/examples/Read_1x_load_cell) by extensions ['colcon_meta']
[0.380s] Level 1:colcon.colcon_core.package_identification:_identify(lib/HX711_ADC/examples/Read_1x_load_cell) by extension 'colcon_meta'
[0.381s] Level 1:colcon.colcon_core.package_identification:_identify(lib/HX711_ADC/examples/Read_1x_load_cell) by extensions ['ros']
[0.381s] Level 1:colcon.colcon_core.package_identification:_identify(lib/HX711_ADC/examples/Read_1x_load_cell) by extension 'ros'
[0.381s] Level 1:colcon.colcon_core.package_identification:_identify(lib/HX711_ADC/examples/Read_1x_load_cell) by extensions ['cmake', 'python']
[0.381s] Level 1:colcon.colcon_core.package_identification:_identify(lib/HX711_ADC/examples/Read_1x_load_cell) by extension 'cmake'
[0.381s] Level 1:colcon.colcon_core.package_identification:_identify(lib/HX711_ADC/examples/Read_1x_load_cell) by extension 'python'
[0.381s] Level 1:colcon.colcon_core.package_identification:_identify(lib/HX711_ADC/examples/Read_1x_load_cell) by extensions ['python_setup_py']
[0.382s] Level 1:colcon.colcon_core.package_identification:_identify(lib/HX711_ADC/examples/Read_1x_load_cell) by extension 'python_setup_py'
[0.382s] Level 1:colcon.colcon_core.package_identification:_identify(lib/HX711_ADC/examples/Read_1x_load_cell_interrupt_driven) by extensions ['ignore', 'ignore_ament_install']
[0.382s] Level 1:colcon.colcon_core.package_identification:_identify(lib/HX711_ADC/examples/Read_1x_load_cell_interrupt_driven) by extension 'ignore'
[0.382s] Level 1:colcon.colcon_core.package_identification:_identify(lib/HX711_ADC/examples/Read_1x_load_cell_interrupt_driven) by extension 'ignore_ament_install'
[0.382s] Level 1:colcon.colcon_core.package_identification:_identify(lib/HX711_ADC/examples/Read_1x_load_cell_interrupt_driven) by extensions ['colcon_pkg']
[0.382s] Level 1:colcon.colcon_core.package_identification:_identify(lib/HX711_ADC/examples/Read_1x_load_cell_interrupt_driven) by extension 'colcon_pkg'
[0.383s] Level 1:colcon.colcon_core.package_identification:_identify(lib/HX711_ADC/examples/Read_1x_load_cell_interrupt_driven) by extensions ['colcon_meta']
[0.383s] Level 1:colcon.colcon_core.package_identification:_identify(lib/HX711_ADC/examples/Read_1x_load_cell_interrupt_driven) by extension 'colcon_meta'
[0.383s] Level 1:colcon.colcon_core.package_identification:_identify(lib/HX711_ADC/examples/Read_1x_load_cell_interrupt_driven) by extensions ['ros']
[0.383s] Level 1:colcon.colcon_core.package_identification:_identify(lib/HX711_ADC/examples/Read_1x_load_cell_interrupt_driven) by extension 'ros'
[0.383s] Level 1:colcon.colcon_core.package_identification:_identify(lib/HX711_ADC/examples/Read_1x_load_cell_interrupt_driven) by extensions ['cmake', 'python']
[0.383s] Level 1:colcon.colcon_core.package_identification:_identify(lib/HX711_ADC/examples/Read_1x_load_cell_interrupt_driven) by extension 'cmake'
[0.384s] Level 1:colcon.colcon_core.package_identification:_identify(lib/HX711_ADC/examples/Read_1x_load_cell_interrupt_driven) by extension 'python'
[0.384s] Level 1:colcon.colcon_core.package_identification:_identify(lib/HX711_ADC/examples/Read_1x_load_cell_interrupt_driven) by extensions ['python_setup_py']
[0.384s] Level 1:colcon.colcon_core.package_identification:_identify(lib/HX711_ADC/examples/Read_1x_load_cell_interrupt_driven) by extension 'python_setup_py'
[0.384s] Level 1:colcon.colcon_core.package_identification:_identify(lib/HX711_ADC/examples/Read_2x_load_cell) by extensions ['ignore', 'ignore_ament_install']
[0.384s] Level 1:colcon.colcon_core.package_identification:_identify(lib/HX711_ADC/examples/Read_2x_load_cell) by extension 'ignore'
[0.384s] Level 1:colcon.colcon_core.package_identification:_identify(lib/HX711_ADC/examples/Read_2x_load_cell) by extension 'ignore_ament_install'
[0.385s] Level 1:colcon.colcon_core.package_identification:_identify(lib/HX711_ADC/examples/Read_2x_load_cell) by extensions ['colcon_pkg']
[0.385s] Level 1:colcon.colcon_core.package_identification:_identify(lib/HX711_ADC/examples/Read_2x_load_cell) by extension 'colcon_pkg'
[0.385s] Level 1:colcon.colcon_core.package_identification:_identify(lib/HX711_ADC/examples/Read_2x_load_cell) by extensions ['colcon_meta']
[0.385s] Level 1:colcon.colcon_core.package_identification:_identify(lib/HX711_ADC/examples/Read_2x_load_cell) by extension 'colcon_meta'
[0.385s] Level 1:colcon.colcon_core.package_identification:_identify(lib/HX711_ADC/examples/Read_2x_load_cell) by extensions ['ros']
[0.385s] Level 1:colcon.colcon_core.package_identification:_identify(lib/HX711_ADC/examples/Read_2x_load_cell) by extension 'ros'
[0.385s] Level 1:colcon.colcon_core.package_identification:_identify(lib/HX711_ADC/examples/Read_2x_load_cell) by extensions ['cmake', 'python']
[0.386s] Level 1:colcon.colcon_core.package_identification:_identify(lib/HX711_ADC/examples/Read_2x_load_cell) by extension 'cmake'
[0.386s] Level 1:colcon.colcon_core.package_identification:_identify(lib/HX711_ADC/examples/Read_2x_load_cell) by extension 'python'
[0.386s] Level 1:colcon.colcon_core.package_identification:_identify(lib/HX711_ADC/examples/Read_2x_load_cell) by extensions ['python_setup_py']
[0.386s] Level 1:colcon.colcon_core.package_identification:_identify(lib/HX711_ADC/examples/Read_2x_load_cell) by extension 'python_setup_py'
[0.386s] Level 1:colcon.colcon_core.package_identification:_identify(lib/HX711_ADC/examples/Testing) by extensions ['ignore', 'ignore_ament_install']
[0.387s] Level 1:colcon.colcon_core.package_identification:_identify(lib/HX711_ADC/examples/Testing) by extension 'ignore'
[0.387s] Level 1:colcon.colcon_core.package_identification:_identify(lib/HX711_ADC/examples/Testing) by extension 'ignore_ament_install'
[0.387s] Level 1:colcon.colcon_core.package_identification:_identify(lib/HX711_ADC/examples/Testing) by extensions ['colcon_pkg']
[0.387s] Level 1:colcon.colcon_core.package_identification:_identify(lib/HX711_ADC/examples/Testing) by extension 'colcon_pkg'
[0.387s] Level 1:colcon.colcon_core.package_identification:_identify(lib/HX711_ADC/examples/Testing) by extensions ['colcon_meta']
[0.388s] Level 1:colcon.colcon_core.package_identification:_identify(lib/HX711_ADC/examples/Testing) by extension 'colcon_meta'
[0.388s] Level 1:colcon.colcon_core.package_identification:_identify(lib/HX711_ADC/examples/Testing) by extensions ['ros']
[0.388s] Level 1:colcon.colcon_core.package_identification:_identify(lib/HX711_ADC/examples/Testing) by extension 'ros'
[0.389s] Level 1:colcon.colcon_core.package_identification:_identify(lib/HX711_ADC/examples/Testing) by extensions ['cmake', 'python']
[0.389s] Level 1:colcon.colcon_core.package_identification:_identify(lib/HX711_ADC/examples/Testing) by extension 'cmake'
[0.389s] Level 1:colcon.colcon_core.package_identification:_identify(lib/HX711_ADC/examples/Testing) by extension 'python'
[0.389s] Level 1:colcon.colcon_core.package_identification:_identify(lib/HX711_ADC/examples/Testing) by extensions ['python_setup_py']
[0.390s] Level 1:colcon.colcon_core.package_identification:_identify(lib/HX711_ADC/examples/Testing) by extension 'python_setup_py'
[0.390s] Level 1:colcon.colcon_core.package_identification:_identify(lib/HX711_ADC/extra) by extensions ['ignore', 'ignore_ament_install']
[0.390s] Level 1:colcon.colcon_core.package_identification:_identify(lib/HX711_ADC/extra) by extension 'ignore'
[0.390s] Level 1:colcon.colcon_core.package_identification:_identify(lib/HX711_ADC/extra) by extension 'ignore_ament_install'
[0.390s] Level 1:colcon.colcon_core.package_identification:_identify(lib/HX711_ADC/extra) by extensions ['colcon_pkg']
[0.390s] Level 1:colcon.colcon_core.package_identification:_identify(lib/HX711_ADC/extra) by extension 'colcon_pkg'
[0.391s] Level 1:colcon.colcon_core.package_identification:_identify(lib/HX711_ADC/extra) by extensions ['colcon_meta']
[0.391s] Level 1:colcon.colcon_core.package_identification:_identify(lib/HX711_ADC/extra) by extension 'colcon_meta'
[0.391s] Level 1:colcon.colcon_core.package_identification:_identify(lib/HX711_ADC/extra) by extensions ['ros']
[0.391s] Level 1:colcon.colcon_core.package_identification:_identify(lib/HX711_ADC/extra) by extension 'ros'
[0.391s] Level 1:colcon.colcon_core.package_identification:_identify(lib/HX711_ADC/extra) by extensions ['cmake', 'python']
[0.391s] Level 1:colcon.colcon_core.package_identification:_identify(lib/HX711_ADC/extra) by extension 'cmake'
[0.391s] Level 1:colcon.colcon_core.package_identification:_identify(lib/HX711_ADC/extra) by extension 'python'
[0.392s] Level 1:colcon.colcon_core.package_identification:_identify(lib/HX711_ADC/extra) by extensions ['python_setup_py']
[0.392s] Level 1:colcon.colcon_core.package_identification:_identify(lib/HX711_ADC/extra) by extension 'python_setup_py'
[0.392s] Level 1:colcon.colcon_core.package_identification:_identify(lib/HX711_ADC/src) by extensions ['ignore', 'ignore_ament_install']
[0.392s] Level 1:colcon.colcon_core.package_identification:_identify(lib/HX711_ADC/src) by extension 'ignore'
[0.392s] Level 1:colcon.colcon_core.package_identification:_identify(lib/HX711_ADC/src) by extension 'ignore_ament_install'
[0.392s] Level 1:colcon.colcon_core.package_identification:_identify(lib/HX711_ADC/src) by extensions ['colcon_pkg']
[0.393s] Level 1:colcon.colcon_core.package_identification:_identify(lib/HX711_ADC/src) by extension 'colcon_pkg'
[0.393s] Level 1:colcon.colcon_core.package_identification:_identify(lib/HX711_ADC/src) by extensions ['colcon_meta']
[0.393s] Level 1:colcon.colcon_core.package_identification:_identify(lib/HX711_ADC/src) by extension 'colcon_meta'
[0.393s] Level 1:colcon.colcon_core.package_identification:_identify(lib/HX711_ADC/src) by extensions ['ros']
[0.393s] Level 1:colcon.colcon_core.package_identification:_identify(lib/HX711_ADC/src) by extension 'ros'
[0.393s] Level 1:colcon.colcon_core.package_identification:_identify(lib/HX711_ADC/src) by extensions ['cmake', 'python']
[0.393s] Level 1:colcon.colcon_core.package_identification:_identify(lib/HX711_ADC/src) by extension 'cmake'
[0.393s] Level 1:colcon.colcon_core.package_identification:_identify(lib/HX711_ADC/src) by extension 'python'
[0.394s] Level 1:colcon.colcon_core.package_identification:_identify(lib/HX711_ADC/src) by extensions ['python_setup_py']
[0.394s] Level 1:colcon.colcon_core.package_identification:_identify(lib/HX711_ADC/src) by extension 'python_setup_py'
[0.394s] Level 1:colcon.colcon_core.package_identification:_identify(log) by extensions ['ignore', 'ignore_ament_install']
[0.394s] Level 1:colcon.colcon_core.package_identification:_identify(log) by extension 'ignore'
[0.394s] Level 1:colcon.colcon_core.package_identification:_identify(log) ignored
[0.395s] Level 1:colcon.colcon_core.package_identification:_identify(src) by extensions ['ignore', 'ignore_ament_install']
[0.395s] Level 1:colcon.colcon_core.package_identification:_identify(src) by extension 'ignore'
[0.395s] Level 1:colcon.colcon_core.package_identification:_identify(src) by extension 'ignore_ament_install'
[0.395s] Level 1:colcon.colcon_core.package_identification:_identify(src) by extensions ['colcon_pkg']
[0.395s] Level 1:colcon.colcon_core.package_identification:_identify(src) by extension 'colcon_pkg'
[0.395s] Level 1:colcon.colcon_core.package_identification:_identify(src) by extensions ['colcon_meta']
[0.396s] Level 1:colcon.colcon_core.package_identification:_identify(src) by extension 'colcon_meta'
[0.396s] Level 1:colcon.colcon_core.package_identification:_identify(src) by extensions ['ros']
[0.396s] Level 1:colcon.colcon_core.package_identification:_identify(src) by extension 'ros'
[0.396s] Level 1:colcon.colcon_core.package_identification:_identify(src) by extensions ['cmake', 'python']
[0.396s] Level 1:colcon.colcon_core.package_identification:_identify(src) by extension 'cmake'
[0.396s] Level 1:colcon.colcon_core.package_identification:_identify(src) by extension 'python'
[0.396s] Level 1:colcon.colcon_core.package_identification:_identify(src) by extensions ['python_setup_py']
[0.397s] Level 1:colcon.colcon_core.package_identification:_identify(src) by extension 'python_setup_py'
[0.397s] Level 1:colcon.colcon_core.package_identification:_identify(test) by extensions ['ignore', 'ignore_ament_install']
[0.397s] Level 1:colcon.colcon_core.package_identification:_identify(test) by extension 'ignore'
[0.397s] Level 1:colcon.colcon_core.package_identification:_identify(test) by extension 'ignore_ament_install'
[0.397s] Level 1:colcon.colcon_core.package_identification:_identify(test) by extensions ['colcon_pkg']
[0.398s] Level 1:colcon.colcon_core.package_identification:_identify(test) by extension 'colcon_pkg'
[0.398s] Level 1:colcon.colcon_core.package_identification:_identify(test) by extensions ['colcon_meta']
[0.398s] Level 1:colcon.colcon_core.package_identification:_identify(test) by extension 'colcon_meta'
[0.398s] Level 1:colcon.colcon_core.package_identification:_identify(test) by extensions ['ros']
[0.398s] Level 1:colcon.colcon_core.package_identification:_identify(test) by extension 'ros'
[0.398s] Level 1:colcon.colcon_core.package_identification:_identify(test) by extensions ['cmake', 'python']
[0.398s] Level 1:colcon.colcon_core.package_identification:_identify(test) by extension 'cmake'
[0.399s] Level 1:colcon.colcon_core.package_identification:_identify(test) by extension 'python'
[0.399s] Level 1:colcon.colcon_core.package_identification:_identify(test) by extensions ['python_setup_py']
[0.399s] Level 1:colcon.colcon_core.package_identification:_identify(test) by extension 'python_setup_py'
[0.399s] Level 1:colcon.colcon_core.package_discovery:discover_packages(recursive) using defaults
[0.399s] Level 1:colcon.colcon_core.package_discovery:discover_packages(ignore) discover
[0.399s] Level 1:colcon.colcon_core.package_discovery:discover_packages(ignore) using defaults
[0.399s] Level 1:colcon.colcon_core.package_discovery:discover_packages(path) discover
[0.399s] Level 1:colcon.colcon_core.package_discovery:discover_packages(path) using defaults
