[0.592s] DEBUG:colcon:Command line arguments: ['/usr/bin/colcon', 'list', '-n']
[0.592s] DEBUG:colcon:Parsed command line arguments: Namespace(allow_overriding=[], base_paths=['.'], build_base='build', ignore_user_meta=False, log_base=None, log_level=None, main=<bound method ListVerb.main of <colcon_package_information.verb.list.ListVerb object at 0x7fae27eb4d90>>, metas=['./colcon.meta'], names_only=True, packages_above=None, packages_above_and_dependencies=None, packages_above_depth=None, packages_end=None, packages_ignore=None, packages_ignore_regex=None, packages_select=None, packages_select_build_failed=False, packages_select_by_dep=None, packages_select_regex=None, packages_select_test_failures=False, packages_skip=None, packages_skip_build_finished=False, packages_skip_by_dep=None, packages_skip_regex=None, packages_skip_test_passed=False, packages_skip_up_to=None, packages_start=None, packages_up_to=None, packages_up_to_regex=None, paths=None, paths_only=False, topological_graph=False, topological_graph_density=False, topological_graph_dot=False, topological_graph_dot_cluster=False, topological_graph_dot_include_skipped=False, topological_graph_legend=False, topological_order=False, verb_extension=<colcon_package_information.verb.list.ListVerb object at 0x7fae27eb4d90>, verb_name='list', verb_parser=<colcon_defaults.argument_parser.defaults.DefaultArgumentsDecorator object at 0x7fae27df4760>)
[0.699s] Level 1:colcon.colcon_core.package_discovery:discover_packages(colcon_meta) check parameters
[0.699s] Level 1:colcon.colcon_core.package_discovery:discover_packages(recursive) check parameters
[0.699s] Level 1:colcon.colcon_core.package_discovery:discover_packages(ignore) check parameters
[0.699s] Level 1:colcon.colcon_core.package_discovery:discover_packages(path) check parameters
[0.699s] Level 1:colcon.colcon_core.package_discovery:discover_packages(colcon_meta) discover
[0.699s] Level 1:colcon.colcon_core.package_discovery:discover_packages(recursive) discover
[0.700s] INFO:colcon.colcon_core.package_discovery:Crawling recursively for packages in '/home/videh/Documents/Inventory-Dispensing-System/arduino_nano_firmware'
[0.700s] Level 1:colcon.colcon_core.package_identification:_identify(.) by extensions ['ignore', 'ignore_ament_install']
[0.700s] Level 1:colcon.colcon_core.package_identification:_identify(.) by extension 'ignore'
[0.700s] Level 1:colcon.colcon_core.package_identification:_identify(.) by extension 'ignore_ament_install'
[0.700s] Level 1:colcon.colcon_core.package_identification:_identify(.) by extensions ['colcon_pkg']
[0.700s] Level 1:colcon.colcon_core.package_identification:_identify(.) by extension 'colcon_pkg'
[0.700s] Level 1:colcon.colcon_core.package_identification:_identify(.) by extensions ['colcon_meta']
[0.701s] Level 1:colcon.colcon_core.package_identification:_identify(.) by extension 'colcon_meta'
[0.701s] Level 1:colcon.colcon_core.package_identification:_identify(.) by extensions ['ros']
[0.701s] Level 1:colcon.colcon_core.package_identification:_identify(.) by extension 'ros'
[0.748s] Level 1:colcon.colcon_core.package_identification:_identify(.) by extensions ['cmake', 'python']
[0.748s] Level 1:colcon.colcon_core.package_identification:_identify(.) by extension 'cmake'
[0.748s] Level 1:colcon.colcon_core.package_identification:_identify(.) by extension 'python'
[0.749s] Level 1:colcon.colcon_core.package_identification:_identify(.) by extensions ['python_setup_py']
[0.749s] Level 1:colcon.colcon_core.package_identification:_identify(.) by extension 'python_setup_py'
[0.749s] Level 1:colcon.colcon_core.package_identification:_identify(include) by extensions ['ignore', 'ignore_ament_install']
[0.749s] Level 1:colcon.colcon_core.package_identification:_identify(include) by extension 'ignore'
[0.749s] Level 1:colcon.colcon_core.package_identification:_identify(include) by extension 'ignore_ament_install'
[0.749s] Level 1:colcon.colcon_core.package_identification:_identify(include) by extensions ['colcon_pkg']
[0.749s] Level 1:colcon.colcon_core.package_identification:_identify(include) by extension 'colcon_pkg'
[0.749s] Level 1:colcon.colcon_core.package_identification:_identify(include) by extensions ['colcon_meta']
[0.750s] Level 1:colcon.colcon_core.package_identification:_identify(include) by extension 'colcon_meta'
[0.750s] Level 1:colcon.colcon_core.package_identification:_identify(include) by extensions ['ros']
[0.750s] Level 1:colcon.colcon_core.package_identification:_identify(include) by extension 'ros'
[0.750s] Level 1:colcon.colcon_core.package_identification:_identify(include) by extensions ['cmake', 'python']
[0.750s] Level 1:colcon.colcon_core.package_identification:_identify(include) by extension 'cmake'
[0.750s] Level 1:colcon.colcon_core.package_identification:_identify(include) by extension 'python'
[0.750s] Level 1:colcon.colcon_core.package_identification:_identify(include) by extensions ['python_setup_py']
[0.750s] Level 1:colcon.colcon_core.package_identification:_identify(include) by extension 'python_setup_py'
[0.751s] Level 1:colcon.colcon_core.package_identification:_identify(lib) by extensions ['ignore', 'ignore_ament_install']
[0.751s] Level 1:colcon.colcon_core.package_identification:_identify(lib) by extension 'ignore'
[0.751s] Level 1:colcon.colcon_core.package_identification:_identify(lib) by extension 'ignore_ament_install'
[0.751s] Level 1:colcon.colcon_core.package_identification:_identify(lib) by extensions ['colcon_pkg']
[0.751s] Level 1:colcon.colcon_core.package_identification:_identify(lib) by extension 'colcon_pkg'
[0.751s] Level 1:colcon.colcon_core.package_identification:_identify(lib) by extensions ['colcon_meta']
[0.751s] Level 1:colcon.colcon_core.package_identification:_identify(lib) by extension 'colcon_meta'
[0.751s] Level 1:colcon.colcon_core.package_identification:_identify(lib) by extensions ['ros']
[0.751s] Level 1:colcon.colcon_core.package_identification:_identify(lib) by extension 'ros'
[0.752s] Level 1:colcon.colcon_core.package_identification:_identify(lib) by extensions ['cmake', 'python']
[0.752s] Level 1:colcon.colcon_core.package_identification:_identify(lib) by extension 'cmake'
[0.752s] Level 1:colcon.colcon_core.package_identification:_identify(lib) by extension 'python'
[0.752s] Level 1:colcon.colcon_core.package_identification:_identify(lib) by extensions ['python_setup_py']
[0.752s] Level 1:colcon.colcon_core.package_identification:_identify(lib) by extension 'python_setup_py'
[0.752s] Level 1:colcon.colcon_core.package_identification:_identify(lib/HX711_ADC) by extensions ['ignore', 'ignore_ament_install']
[0.752s] Level 1:colcon.colcon_core.package_identification:_identify(lib/HX711_ADC) by extension 'ignore'
[0.753s] Level 1:colcon.colcon_core.package_identification:_identify(lib/HX711_ADC) by extension 'ignore_ament_install'
[0.753s] Level 1:colcon.colcon_core.package_identification:_identify(lib/HX711_ADC) by extensions ['colcon_pkg']
[0.753s] Level 1:colcon.colcon_core.package_identification:_identify(lib/HX711_ADC) by extension 'colcon_pkg'
[0.753s] Level 1:colcon.colcon_core.package_identification:_identify(lib/HX711_ADC) by extensions ['colcon_meta']
[0.753s] Level 1:colcon.colcon_core.package_identification:_identify(lib/HX711_ADC) by extension 'colcon_meta'
[0.753s] Level 1:colcon.colcon_core.package_identification:_identify(lib/HX711_ADC) by extensions ['ros']
[0.753s] Level 1:colcon.colcon_core.package_identification:_identify(lib/HX711_ADC) by extension 'ros'
[0.753s] Level 1:colcon.colcon_core.package_identification:_identify(lib/HX711_ADC) by extensions ['cmake', 'python']
[0.753s] Level 1:colcon.colcon_core.package_identification:_identify(lib/HX711_ADC) by extension 'cmake'
[0.754s] Level 1:colcon.colcon_core.package_identification:_identify(lib/HX711_ADC) by extension 'python'
[0.754s] Level 1:colcon.colcon_core.package_identification:_identify(lib/HX711_ADC) by extensions ['python_setup_py']
[0.754s] Level 1:colcon.colcon_core.package_identification:_identify(lib/HX711_ADC) by extension 'python_setup_py'
[0.754s] Level 1:colcon.colcon_core.package_identification:_identify(lib/HX711_ADC/examples) by extensions ['ignore', 'ignore_ament_install']
[0.754s] Level 1:colcon.colcon_core.package_identification:_identify(lib/HX711_ADC/examples) by extension 'ignore'
[0.761s] Level 1:colcon.colcon_core.package_identification:_identify(lib/HX711_ADC/examples) by extension 'ignore_ament_install'
[0.762s] Level 1:colcon.colcon_core.package_identification:_identify(lib/HX711_ADC/examples) by extensions ['colcon_pkg']
[0.762s] Level 1:colcon.colcon_core.package_identification:_identify(lib/HX711_ADC/examples) by extension 'colcon_pkg'
[0.762s] Level 1:colcon.colcon_core.package_identification:_identify(lib/HX711_ADC/examples) by extensions ['colcon_meta']
[0.762s] Level 1:colcon.colcon_core.package_identification:_identify(lib/HX711_ADC/examples) by extension 'colcon_meta'
[0.762s] Level 1:colcon.colcon_core.package_identification:_identify(lib/HX711_ADC/examples) by extensions ['ros']
[0.762s] Level 1:colcon.colcon_core.package_identification:_identify(lib/HX711_ADC/examples) by extension 'ros'
[0.762s] Level 1:colcon.colcon_core.package_identification:_identify(lib/HX711_ADC/examples) by extensions ['cmake', 'python']
[0.763s] Level 1:colcon.colcon_core.package_identification:_identify(lib/HX711_ADC/examples) by extension 'cmake'
[0.763s] Level 1:colcon.colcon_core.package_identification:_identify(lib/HX711_ADC/examples) by extension 'python'
[0.763s] Level 1:colcon.colcon_core.package_identification:_identify(lib/HX711_ADC/examples) by extensions ['python_setup_py']
[0.763s] Level 1:colcon.colcon_core.package_identification:_identify(lib/HX711_ADC/examples) by extension 'python_setup_py'
[0.763s] Level 1:colcon.colcon_core.package_identification:_identify(lib/HX711_ADC/examples/Calibration) by extensions ['ignore', 'ignore_ament_install']
[0.763s] Level 1:colcon.colcon_core.package_identification:_identify(lib/HX711_ADC/examples/Calibration) by extension 'ignore'
[0.763s] Level 1:colcon.colcon_core.package_identification:_identify(lib/HX711_ADC/examples/Calibration) by extension 'ignore_ament_install'
[0.764s] Level 1:colcon.colcon_core.package_identification:_identify(lib/HX711_ADC/examples/Calibration) by extensions ['colcon_pkg']
[0.764s] Level 1:colcon.colcon_core.package_identification:_identify(lib/HX711_ADC/examples/Calibration) by extension 'colcon_pkg'
[0.764s] Level 1:colcon.colcon_core.package_identification:_identify(lib/HX711_ADC/examples/Calibration) by extensions ['colcon_meta']
[0.764s] Level 1:colcon.colcon_core.package_identification:_identify(lib/HX711_ADC/examples/Calibration) by extension 'colcon_meta'
[0.764s] Level 1:colcon.colcon_core.package_identification:_identify(lib/HX711_ADC/examples/Calibration) by extensions ['ros']
[0.764s] Level 1:colcon.colcon_core.package_identification:_identify(lib/HX711_ADC/examples/Calibration) by extension 'ros'
[0.764s] Level 1:colcon.colcon_core.package_identification:_identify(lib/HX711_ADC/examples/Calibration) by extensions ['cmake', 'python']
[0.764s] Level 1:colcon.colcon_core.package_identification:_identify(lib/HX711_ADC/examples/Calibration) by extension 'cmake'
[0.764s] Level 1:colcon.colcon_core.package_identification:_identify(lib/HX711_ADC/examples/Calibration) by extension 'python'
[0.765s] Level 1:colcon.colcon_core.package_identification:_identify(lib/HX711_ADC/examples/Calibration) by extensions ['python_setup_py']
[0.765s] Level 1:colcon.colcon_core.package_identification:_identify(lib/HX711_ADC/examples/Calibration) by extension 'python_setup_py'
[0.765s] Level 1:colcon.colcon_core.package_identification:_identify(lib/HX711_ADC/examples/Persistent_zero_offset) by extensions ['ignore', 'ignore_ament_install']
[0.765s] Level 1:colcon.colcon_core.package_identification:_identify(lib/HX711_ADC/examples/Persistent_zero_offset) by extension 'ignore'
[0.765s] Level 1:colcon.colcon_core.package_identification:_identify(lib/HX711_ADC/examples/Persistent_zero_offset) by extension 'ignore_ament_install'
[0.765s] Level 1:colcon.colcon_core.package_identification:_identify(lib/HX711_ADC/examples/Persistent_zero_offset) by extensions ['colcon_pkg']
[0.765s] Level 1:colcon.colcon_core.package_identification:_identify(lib/HX711_ADC/examples/Persistent_zero_offset) by extension 'colcon_pkg'
[0.766s] Level 1:colcon.colcon_core.package_identification:_identify(lib/HX711_ADC/examples/Persistent_zero_offset) by extensions ['colcon_meta']
[0.766s] Level 1:colcon.colcon_core.package_identification:_identify(lib/HX711_ADC/examples/Persistent_zero_offset) by extension 'colcon_meta'
[0.766s] Level 1:colcon.colcon_core.package_identification:_identify(lib/HX711_ADC/examples/Persistent_zero_offset) by extensions ['ros']
[0.766s] Level 1:colcon.colcon_core.package_identification:_identify(lib/HX711_ADC/examples/Persistent_zero_offset) by extension 'ros'
[0.766s] Level 1:colcon.colcon_core.package_identification:_identify(lib/HX711_ADC/examples/Persistent_zero_offset) by extensions ['cmake', 'python']
[0.766s] Level 1:colcon.colcon_core.package_identification:_identify(lib/HX711_ADC/examples/Persistent_zero_offset) by extension 'cmake'
[0.766s] Level 1:colcon.colcon_core.package_identification:_identify(lib/HX711_ADC/examples/Persistent_zero_offset) by extension 'python'
[0.766s] Level 1:colcon.colcon_core.package_identification:_identify(lib/HX711_ADC/examples/Persistent_zero_offset) by extensions ['python_setup_py']
[0.766s] Level 1:colcon.colcon_core.package_identification:_identify(lib/HX711_ADC/examples/Persistent_zero_offset) by extension 'python_setup_py'
[0.767s] Level 1:colcon.colcon_core.package_identification:_identify(lib/HX711_ADC/examples/Read_1x_load_cell) by extensions ['ignore', 'ignore_ament_install']
[0.767s] Level 1:colcon.colcon_core.package_identification:_identify(lib/HX711_ADC/examples/Read_1x_load_cell) by extension 'ignore'
[0.767s] Level 1:colcon.colcon_core.package_identification:_identify(lib/HX711_ADC/examples/Read_1x_load_cell) by extension 'ignore_ament_install'
[0.767s] Level 1:colcon.colcon_core.package_identification:_identify(lib/HX711_ADC/examples/Read_1x_load_cell) by extensions ['colcon_pkg']
[0.767s] Level 1:colcon.colcon_core.package_identification:_identify(lib/HX711_ADC/examples/Read_1x_load_cell) by extension 'colcon_pkg'
[0.767s] Level 1:colcon.colcon_core.package_identification:_identify(lib/HX711_ADC/examples/Read_1x_load_cell) by extensions ['colcon_meta']
[0.767s] Level 1:colcon.colcon_core.package_identification:_identify(lib/HX711_ADC/examples/Read_1x_load_cell) by extension 'colcon_meta'
[0.768s] Level 1:colcon.colcon_core.package_identification:_identify(lib/HX711_ADC/examples/Read_1x_load_cell) by extensions ['ros']
[0.768s] Level 1:colcon.colcon_core.package_identification:_identify(lib/HX711_ADC/examples/Read_1x_load_cell) by extension 'ros'
[0.768s] Level 1:colcon.colcon_core.package_identification:_identify(lib/HX711_ADC/examples/Read_1x_load_cell) by extensions ['cmake', 'python']
[0.768s] Level 1:colcon.colcon_core.package_identification:_identify(lib/HX711_ADC/examples/Read_1x_load_cell) by extension 'cmake'
[0.768s] Level 1:colcon.colcon_core.package_identification:_identify(lib/HX711_ADC/examples/Read_1x_load_cell) by extension 'python'
[0.768s] Level 1:colcon.colcon_core.package_identification:_identify(lib/HX711_ADC/examples/Read_1x_load_cell) by extensions ['python_setup_py']
[0.768s] Level 1:colcon.colcon_core.package_identification:_identify(lib/HX711_ADC/examples/Read_1x_load_cell) by extension 'python_setup_py'
[0.768s] Level 1:colcon.colcon_core.package_identification:_identify(lib/HX711_ADC/examples/Read_1x_load_cell_interrupt_driven) by extensions ['ignore', 'ignore_ament_install']
[0.769s] Level 1:colcon.colcon_core.package_identification:_identify(lib/HX711_ADC/examples/Read_1x_load_cell_interrupt_driven) by extension 'ignore'
[0.769s] Level 1:colcon.colcon_core.package_identification:_identify(lib/HX711_ADC/examples/Read_1x_load_cell_interrupt_driven) by extension 'ignore_ament_install'
[0.769s] Level 1:colcon.colcon_core.package_identification:_identify(lib/HX711_ADC/examples/Read_1x_load_cell_interrupt_driven) by extensions ['colcon_pkg']
[0.769s] Level 1:colcon.colcon_core.package_identification:_identify(lib/HX711_ADC/examples/Read_1x_load_cell_interrupt_driven) by extension 'colcon_pkg'
[0.769s] Level 1:colcon.colcon_core.package_identification:_identify(lib/HX711_ADC/examples/Read_1x_load_cell_interrupt_driven) by extensions ['colcon_meta']
[0.769s] Level 1:colcon.colcon_core.package_identification:_identify(lib/HX711_ADC/examples/Read_1x_load_cell_interrupt_driven) by extension 'colcon_meta'
[0.769s] Level 1:colcon.colcon_core.package_identification:_identify(lib/HX711_ADC/examples/Read_1x_load_cell_interrupt_driven) by extensions ['ros']
[0.769s] Level 1:colcon.colcon_core.package_identification:_identify(lib/HX711_ADC/examples/Read_1x_load_cell_interrupt_driven) by extension 'ros'
[0.770s] Level 1:colcon.colcon_core.package_identification:_identify(lib/HX711_ADC/examples/Read_1x_load_cell_interrupt_driven) by extensions ['cmake', 'python']
[0.770s] Level 1:colcon.colcon_core.package_identification:_identify(lib/HX711_ADC/examples/Read_1x_load_cell_interrupt_driven) by extension 'cmake'
[0.770s] Level 1:colcon.colcon_core.package_identification:_identify(lib/HX711_ADC/examples/Read_1x_load_cell_interrupt_driven) by extension 'python'
[0.770s] Level 1:colcon.colcon_core.package_identification:_identify(lib/HX711_ADC/examples/Read_1x_load_cell_interrupt_driven) by extensions ['python_setup_py']
[0.770s] Level 1:colcon.colcon_core.package_identification:_identify(lib/HX711_ADC/examples/Read_1x_load_cell_interrupt_driven) by extension 'python_setup_py'
[0.770s] Level 1:colcon.colcon_core.package_identification:_identify(lib/HX711_ADC/examples/Read_2x_load_cell) by extensions ['ignore', 'ignore_ament_install']
[0.770s] Level 1:colcon.colcon_core.package_identification:_identify(lib/HX711_ADC/examples/Read_2x_load_cell) by extension 'ignore'
[0.770s] Level 1:colcon.colcon_core.package_identification:_identify(lib/HX711_ADC/examples/Read_2x_load_cell) by extension 'ignore_ament_install'
[0.771s] Level 1:colcon.colcon_core.package_identification:_identify(lib/HX711_ADC/examples/Read_2x_load_cell) by extensions ['colcon_pkg']
[0.771s] Level 1:colcon.colcon_core.package_identification:_identify(lib/HX711_ADC/examples/Read_2x_load_cell) by extension 'colcon_pkg'
[0.771s] Level 1:colcon.colcon_core.package_identification:_identify(lib/HX711_ADC/examples/Read_2x_load_cell) by extensions ['colcon_meta']
[0.771s] Level 1:colcon.colcon_core.package_identification:_identify(lib/HX711_ADC/examples/Read_2x_load_cell) by extension 'colcon_meta'
[0.771s] Level 1:colcon.colcon_core.package_identification:_identify(lib/HX711_ADC/examples/Read_2x_load_cell) by extensions ['ros']
[0.771s] Level 1:colcon.colcon_core.package_identification:_identify(lib/HX711_ADC/examples/Read_2x_load_cell) by extension 'ros'
[0.772s] Level 1:colcon.colcon_core.package_identification:_identify(lib/HX711_ADC/examples/Read_2x_load_cell) by extensions ['cmake', 'python']
[0.772s] Level 1:colcon.colcon_core.package_identification:_identify(lib/HX711_ADC/examples/Read_2x_load_cell) by extension 'cmake'
[0.772s] Level 1:colcon.colcon_core.package_identification:_identify(lib/HX711_ADC/examples/Read_2x_load_cell) by extension 'python'
[0.772s] Level 1:colcon.colcon_core.package_identification:_identify(lib/HX711_ADC/examples/Read_2x_load_cell) by extensions ['python_setup_py']
[0.772s] Level 1:colcon.colcon_core.package_identification:_identify(lib/HX711_ADC/examples/Read_2x_load_cell) by extension 'python_setup_py'
[0.779s] Level 1:colcon.colcon_core.package_identification:_identify(lib/HX711_ADC/examples/Testing) by extensions ['ignore', 'ignore_ament_install']
[0.780s] Level 1:colcon.colcon_core.package_identification:_identify(lib/HX711_ADC/examples/Testing) by extension 'ignore'
[0.780s] Level 1:colcon.colcon_core.package_identification:_identify(lib/HX711_ADC/examples/Testing) by extension 'ignore_ament_install'
[0.780s] Level 1:colcon.colcon_core.package_identification:_identify(lib/HX711_ADC/examples/Testing) by extensions ['colcon_pkg']
[0.780s] Level 1:colcon.colcon_core.package_identification:_identify(lib/HX711_ADC/examples/Testing) by extension 'colcon_pkg'
[0.780s] Level 1:colcon.colcon_core.package_identification:_identify(lib/HX711_ADC/examples/Testing) by extensions ['colcon_meta']
[0.780s] Level 1:colcon.colcon_core.package_identification:_identify(lib/HX711_ADC/examples/Testing) by extension 'colcon_meta'
[0.780s] Level 1:colcon.colcon_core.package_identification:_identify(lib/HX711_ADC/examples/Testing) by extensions ['ros']
[0.780s] Level 1:colcon.colcon_core.package_identification:_identify(lib/HX711_ADC/examples/Testing) by extension 'ros'
[0.780s] Level 1:colcon.colcon_core.package_identification:_identify(lib/HX711_ADC/examples/Testing) by extensions ['cmake', 'python']
[0.781s] Level 1:colcon.colcon_core.package_identification:_identify(lib/HX711_ADC/examples/Testing) by extension 'cmake'
[0.781s] Level 1:colcon.colcon_core.package_identification:_identify(lib/HX711_ADC/examples/Testing) by extension 'python'
[0.781s] Level 1:colcon.colcon_core.package_identification:_identify(lib/HX711_ADC/examples/Testing) by extensions ['python_setup_py']
[0.781s] Level 1:colcon.colcon_core.package_identification:_identify(lib/HX711_ADC/examples/Testing) by extension 'python_setup_py'
[0.781s] Level 1:colcon.colcon_core.package_identification:_identify(lib/HX711_ADC/extra) by extensions ['ignore', 'ignore_ament_install']
[0.781s] Level 1:colcon.colcon_core.package_identification:_identify(lib/HX711_ADC/extra) by extension 'ignore'
[0.781s] Level 1:colcon.colcon_core.package_identification:_identify(lib/HX711_ADC/extra) by extension 'ignore_ament_install'
[0.782s] Level 1:colcon.colcon_core.package_identification:_identify(lib/HX711_ADC/extra) by extensions ['colcon_pkg']
[0.782s] Level 1:colcon.colcon_core.package_identification:_identify(lib/HX711_ADC/extra) by extension 'colcon_pkg'
[0.782s] Level 1:colcon.colcon_core.package_identification:_identify(lib/HX711_ADC/extra) by extensions ['colcon_meta']
[0.782s] Level 1:colcon.colcon_core.package_identification:_identify(lib/HX711_ADC/extra) by extension 'colcon_meta'
[0.782s] Level 1:colcon.colcon_core.package_identification:_identify(lib/HX711_ADC/extra) by extensions ['ros']
[0.782s] Level 1:colcon.colcon_core.package_identification:_identify(lib/HX711_ADC/extra) by extension 'ros'
[0.782s] Level 1:colcon.colcon_core.package_identification:_identify(lib/HX711_ADC/extra) by extensions ['cmake', 'python']
[0.782s] Level 1:colcon.colcon_core.package_identification:_identify(lib/HX711_ADC/extra) by extension 'cmake'
[0.782s] Level 1:colcon.colcon_core.package_identification:_identify(lib/HX711_ADC/extra) by extension 'python'
[0.782s] Level 1:colcon.colcon_core.package_identification:_identify(lib/HX711_ADC/extra) by extensions ['python_setup_py']
[0.783s] Level 1:colcon.colcon_core.package_identification:_identify(lib/HX711_ADC/extra) by extension 'python_setup_py'
[0.783s] Level 1:colcon.colcon_core.package_identification:_identify(lib/HX711_ADC/src) by extensions ['ignore', 'ignore_ament_install']
[0.783s] Level 1:colcon.colcon_core.package_identification:_identify(lib/HX711_ADC/src) by extension 'ignore'
[0.783s] Level 1:colcon.colcon_core.package_identification:_identify(lib/HX711_ADC/src) by extension 'ignore_ament_install'
[0.783s] Level 1:colcon.colcon_core.package_identification:_identify(lib/HX711_ADC/src) by extensions ['colcon_pkg']
[0.783s] Level 1:colcon.colcon_core.package_identification:_identify(lib/HX711_ADC/src) by extension 'colcon_pkg'
[0.784s] Level 1:colcon.colcon_core.package_identification:_identify(lib/HX711_ADC/src) by extensions ['colcon_meta']
[0.784s] Level 1:colcon.colcon_core.package_identification:_identify(lib/HX711_ADC/src) by extension 'colcon_meta'
[0.784s] Level 1:colcon.colcon_core.package_identification:_identify(lib/HX711_ADC/src) by extensions ['ros']
[0.784s] Level 1:colcon.colcon_core.package_identification:_identify(lib/HX711_ADC/src) by extension 'ros'
[0.784s] Level 1:colcon.colcon_core.package_identification:_identify(lib/HX711_ADC/src) by extensions ['cmake', 'python']
[0.784s] Level 1:colcon.colcon_core.package_identification:_identify(lib/HX711_ADC/src) by extension 'cmake'
[0.784s] Level 1:colcon.colcon_core.package_identification:_identify(lib/HX711_ADC/src) by extension 'python'
[0.784s] Level 1:colcon.colcon_core.package_identification:_identify(lib/HX711_ADC/src) by extensions ['python_setup_py']
[0.784s] Level 1:colcon.colcon_core.package_identification:_identify(lib/HX711_ADC/src) by extension 'python_setup_py'
[0.785s] Level 1:colcon.colcon_core.package_identification:_identify(log) by extensions ['ignore', 'ignore_ament_install']
[0.785s] Level 1:colcon.colcon_core.package_identification:_identify(log) by extension 'ignore'
[0.785s] Level 1:colcon.colcon_core.package_identification:_identify(log) ignored
[0.785s] Level 1:colcon.colcon_core.package_identification:_identify(src) by extensions ['ignore', 'ignore_ament_install']
[0.785s] Level 1:colcon.colcon_core.package_identification:_identify(src) by extension 'ignore'
[0.785s] Level 1:colcon.colcon_core.package_identification:_identify(src) by extension 'ignore_ament_install'
[0.786s] Level 1:colcon.colcon_core.package_identification:_identify(src) by extensions ['colcon_pkg']
[0.786s] Level 1:colcon.colcon_core.package_identification:_identify(src) by extension 'colcon_pkg'
[0.786s] Level 1:colcon.colcon_core.package_identification:_identify(src) by extensions ['colcon_meta']
[0.786s] Level 1:colcon.colcon_core.package_identification:_identify(src) by extension 'colcon_meta'
[0.786s] Level 1:colcon.colcon_core.package_identification:_identify(src) by extensions ['ros']
[0.786s] Level 1:colcon.colcon_core.package_identification:_identify(src) by extension 'ros'
[0.786s] Level 1:colcon.colcon_core.package_identification:_identify(src) by extensions ['cmake', 'python']
[0.786s] Level 1:colcon.colcon_core.package_identification:_identify(src) by extension 'cmake'
[0.786s] Level 1:colcon.colcon_core.package_identification:_identify(src) by extension 'python'
[0.786s] Level 1:colcon.colcon_core.package_identification:_identify(src) by extensions ['python_setup_py']
[0.786s] Level 1:colcon.colcon_core.package_identification:_identify(src) by extension 'python_setup_py'
[0.787s] Level 1:colcon.colcon_core.package_identification:_identify(test) by extensions ['ignore', 'ignore_ament_install']
[0.787s] Level 1:colcon.colcon_core.package_identification:_identify(test) by extension 'ignore'
[0.787s] Level 1:colcon.colcon_core.package_identification:_identify(test) by extension 'ignore_ament_install'
[0.787s] Level 1:colcon.colcon_core.package_identification:_identify(test) by extensions ['colcon_pkg']
[0.787s] Level 1:colcon.colcon_core.package_identification:_identify(test) by extension 'colcon_pkg'
[0.787s] Level 1:colcon.colcon_core.package_identification:_identify(test) by extensions ['colcon_meta']
[0.787s] Level 1:colcon.colcon_core.package_identification:_identify(test) by extension 'colcon_meta'
[0.788s] Level 1:colcon.colcon_core.package_identification:_identify(test) by extensions ['ros']
[0.788s] Level 1:colcon.colcon_core.package_identification:_identify(test) by extension 'ros'
[0.788s] Level 1:colcon.colcon_core.package_identification:_identify(test) by extensions ['cmake', 'python']
[0.788s] Level 1:colcon.colcon_core.package_identification:_identify(test) by extension 'cmake'
[0.788s] Level 1:colcon.colcon_core.package_identification:_identify(test) by extension 'python'
[0.788s] Level 1:colcon.colcon_core.package_identification:_identify(test) by extensions ['python_setup_py']
[0.788s] Level 1:colcon.colcon_core.package_identification:_identify(test) by extension 'python_setup_py'
[0.788s] Level 1:colcon.colcon_core.package_discovery:discover_packages(recursive) using defaults
[0.795s] Level 1:colcon.colcon_core.package_discovery:discover_packages(ignore) discover
[0.795s] Level 1:colcon.colcon_core.package_discovery:discover_packages(ignore) using defaults
[0.795s] Level 1:colcon.colcon_core.package_discovery:discover_packages(path) discover
[0.795s] Level 1:colcon.colcon_core.package_discovery:discover_packages(path) using defaults
