[0.494s] DEBUG:colcon:Command line arguments: ['/usr/bin/colcon', 'list', '-n']
[0.494s] DEBUG:colcon:Parsed command line arguments: Namespace(allow_overriding=[], base_paths=['.'], build_base='build', ignore_user_meta=False, log_base=None, log_level=None, main=<bound method ListVerb.main of <colcon_package_information.verb.list.ListVerb object at 0x7f87ed53ad30>>, metas=['./colcon.meta'], names_only=True, packages_above=None, packages_above_and_dependencies=None, packages_above_depth=None, packages_end=None, packages_ignore=None, packages_ignore_regex=None, packages_select=None, packages_select_build_failed=False, packages_select_by_dep=None, packages_select_regex=None, packages_select_test_failures=False, packages_skip=None, packages_skip_build_finished=False, packages_skip_by_dep=None, packages_skip_regex=None, packages_skip_test_passed=False, packages_skip_up_to=None, packages_start=None, packages_up_to=None, packages_up_to_regex=None, paths=None, paths_only=False, topological_graph=False, topological_graph_density=False, topological_graph_dot=False, topological_graph_dot_cluster=False, topological_graph_dot_include_skipped=False, topological_graph_legend=False, topological_order=False, verb_extension=<colcon_package_information.verb.list.ListVerb object at 0x7f87ed53ad30>, verb_name='list', verb_parser=<colcon_defaults.argument_parser.defaults.DefaultArgumentsDecorator object at 0x7f87ed4b73a0>)
[0.644s] Level 1:colcon.colcon_core.package_discovery:discover_packages(colcon_meta) check parameters
[0.644s] Level 1:colcon.colcon_core.package_discovery:discover_packages(recursive) check parameters
[0.645s] Level 1:colcon.colcon_core.package_discovery:discover_packages(ignore) check parameters
[0.645s] Level 1:colcon.colcon_core.package_discovery:discover_packages(path) check parameters
[0.645s] Level 1:colcon.colcon_core.package_discovery:discover_packages(colcon_meta) discover
[0.645s] Level 1:colcon.colcon_core.package_discovery:discover_packages(recursive) discover
[0.645s] INFO:colcon.colcon_core.package_discovery:Crawling recursively for packages in '/home/videh/Documents/Inventory-Dispensing-System/arduino_nano_firmware'
[0.645s] Level 1:colcon.colcon_core.package_identification:_identify(.) by extensions ['ignore', 'ignore_ament_install']
[0.646s] Level 1:colcon.colcon_core.package_identification:_identify(.) by extension 'ignore'
[0.646s] Level 1:colcon.colcon_core.package_identification:_identify(.) by extension 'ignore_ament_install'
[0.646s] Level 1:colcon.colcon_core.package_identification:_identify(.) by extensions ['colcon_pkg']
[0.646s] Level 1:colcon.colcon_core.package_identification:_identify(.) by extension 'colcon_pkg'
[0.646s] Level 1:colcon.colcon_core.package_identification:_identify(.) by extensions ['colcon_meta']
[0.646s] Level 1:colcon.colcon_core.package_identification:_identify(.) by extension 'colcon_meta'
[0.646s] Level 1:colcon.colcon_core.package_identification:_identify(.) by extensions ['ros']
[0.647s] Level 1:colcon.colcon_core.package_identification:_identify(.) by extension 'ros'
[0.672s] Level 1:colcon.colcon_core.package_identification:_identify(.) by extensions ['cmake', 'python']
[0.672s] Level 1:colcon.colcon_core.package_identification:_identify(.) by extension 'cmake'
[0.673s] Level 1:colcon.colcon_core.package_identification:_identify(.) by extension 'python'
[0.673s] Level 1:colcon.colcon_core.package_identification:_identify(.) by extensions ['python_setup_py']
[0.673s] Level 1:colcon.colcon_core.package_identification:_identify(.) by extension 'python_setup_py'
[0.673s] Level 1:colcon.colcon_core.package_identification:_identify(include) by extensions ['ignore', 'ignore_ament_install']
[0.673s] Level 1:colcon.colcon_core.package_identification:_identify(include) by extension 'ignore'
[0.674s] Level 1:colcon.colcon_core.package_identification:_identify(include) by extension 'ignore_ament_install'
[0.674s] Level 1:colcon.colcon_core.package_identification:_identify(include) by extensions ['colcon_pkg']
[0.674s] Level 1:colcon.colcon_core.package_identification:_identify(include) by extension 'colcon_pkg'
[0.674s] Level 1:colcon.colcon_core.package_identification:_identify(include) by extensions ['colcon_meta']
[0.674s] Level 1:colcon.colcon_core.package_identification:_identify(include) by extension 'colcon_meta'
[0.674s] Level 1:colcon.colcon_core.package_identification:_identify(include) by extensions ['ros']
[0.674s] Level 1:colcon.colcon_core.package_identification:_identify(include) by extension 'ros'
[0.685s] Level 1:colcon.colcon_core.package_identification:_identify(include) by extensions ['cmake', 'python']
[0.685s] Level 1:colcon.colcon_core.package_identification:_identify(include) by extension 'cmake'
[0.685s] Level 1:colcon.colcon_core.package_identification:_identify(include) by extension 'python'
[0.685s] Level 1:colcon.colcon_core.package_identification:_identify(include) by extensions ['python_setup_py']
[0.686s] Level 1:colcon.colcon_core.package_identification:_identify(include) by extension 'python_setup_py'
[0.686s] Level 1:colcon.colcon_core.package_identification:_identify(lib) by extensions ['ignore', 'ignore_ament_install']
[0.687s] Level 1:colcon.colcon_core.package_identification:_identify(lib) by extension 'ignore'
[0.688s] Level 1:colcon.colcon_core.package_identification:_identify(lib) by extension 'ignore_ament_install'
[0.688s] Level 1:colcon.colcon_core.package_identification:_identify(lib) by extensions ['colcon_pkg']
[0.688s] Level 1:colcon.colcon_core.package_identification:_identify(lib) by extension 'colcon_pkg'
[0.688s] Level 1:colcon.colcon_core.package_identification:_identify(lib) by extensions ['colcon_meta']
[0.688s] Level 1:colcon.colcon_core.package_identification:_identify(lib) by extension 'colcon_meta'
[0.688s] Level 1:colcon.colcon_core.package_identification:_identify(lib) by extensions ['ros']
[0.689s] Level 1:colcon.colcon_core.package_identification:_identify(lib) by extension 'ros'
[0.692s] Level 1:colcon.colcon_core.package_identification:_identify(lib) by extensions ['cmake', 'python']
[0.692s] Level 1:colcon.colcon_core.package_identification:_identify(lib) by extension 'cmake'
[0.692s] Level 1:colcon.colcon_core.package_identification:_identify(lib) by extension 'python'
[0.692s] Level 1:colcon.colcon_core.package_identification:_identify(lib) by extensions ['python_setup_py']
[0.692s] Level 1:colcon.colcon_core.package_identification:_identify(lib) by extension 'python_setup_py'
[0.693s] Level 1:colcon.colcon_core.package_identification:_identify(lib/HX711_ADC) by extensions ['ignore', 'ignore_ament_install']
[0.693s] Level 1:colcon.colcon_core.package_identification:_identify(lib/HX711_ADC) by extension 'ignore'
[0.693s] Level 1:colcon.colcon_core.package_identification:_identify(lib/HX711_ADC) by extension 'ignore_ament_install'
[0.693s] Level 1:colcon.colcon_core.package_identification:_identify(lib/HX711_ADC) by extensions ['colcon_pkg']
[0.693s] Level 1:colcon.colcon_core.package_identification:_identify(lib/HX711_ADC) by extension 'colcon_pkg'
[0.694s] Level 1:colcon.colcon_core.package_identification:_identify(lib/HX711_ADC) by extensions ['colcon_meta']
[0.694s] Level 1:colcon.colcon_core.package_identification:_identify(lib/HX711_ADC) by extension 'colcon_meta'
[0.694s] Level 1:colcon.colcon_core.package_identification:_identify(lib/HX711_ADC) by extensions ['ros']
[0.694s] Level 1:colcon.colcon_core.package_identification:_identify(lib/HX711_ADC) by extension 'ros'
[0.694s] Level 1:colcon.colcon_core.package_identification:_identify(lib/HX711_ADC) by extensions ['cmake', 'python']
[0.694s] Level 1:colcon.colcon_core.package_identification:_identify(lib/HX711_ADC) by extension 'cmake'
[0.695s] Level 1:colcon.colcon_core.package_identification:_identify(lib/HX711_ADC) by extension 'python'
[0.695s] Level 1:colcon.colcon_core.package_identification:_identify(lib/HX711_ADC) by extensions ['python_setup_py']
[0.695s] Level 1:colcon.colcon_core.package_identification:_identify(lib/HX711_ADC) by extension 'python_setup_py'
[0.695s] Level 1:colcon.colcon_core.package_identification:_identify(lib/HX711_ADC/examples) by extensions ['ignore', 'ignore_ament_install']
[0.695s] Level 1:colcon.colcon_core.package_identification:_identify(lib/HX711_ADC/examples) by extension 'ignore'
[0.696s] Level 1:colcon.colcon_core.package_identification:_identify(lib/HX711_ADC/examples) by extension 'ignore_ament_install'
[0.696s] Level 1:colcon.colcon_core.package_identification:_identify(lib/HX711_ADC/examples) by extensions ['colcon_pkg']
[0.696s] Level 1:colcon.colcon_core.package_identification:_identify(lib/HX711_ADC/examples) by extension 'colcon_pkg'
[0.696s] Level 1:colcon.colcon_core.package_identification:_identify(lib/HX711_ADC/examples) by extensions ['colcon_meta']
[0.696s] Level 1:colcon.colcon_core.package_identification:_identify(lib/HX711_ADC/examples) by extension 'colcon_meta'
[0.696s] Level 1:colcon.colcon_core.package_identification:_identify(lib/HX711_ADC/examples) by extensions ['ros']
[0.697s] Level 1:colcon.colcon_core.package_identification:_identify(lib/HX711_ADC/examples) by extension 'ros'
[0.697s] Level 1:colcon.colcon_core.package_identification:_identify(lib/HX711_ADC/examples) by extensions ['cmake', 'python']
[0.697s] Level 1:colcon.colcon_core.package_identification:_identify(lib/HX711_ADC/examples) by extension 'cmake'
[0.697s] Level 1:colcon.colcon_core.package_identification:_identify(lib/HX711_ADC/examples) by extension 'python'
[0.697s] Level 1:colcon.colcon_core.package_identification:_identify(lib/HX711_ADC/examples) by extensions ['python_setup_py']
[0.697s] Level 1:colcon.colcon_core.package_identification:_identify(lib/HX711_ADC/examples) by extension 'python_setup_py'
[0.698s] Level 1:colcon.colcon_core.package_identification:_identify(lib/HX711_ADC/examples/Calibration) by extensions ['ignore', 'ignore_ament_install']
[0.698s] Level 1:colcon.colcon_core.package_identification:_identify(lib/HX711_ADC/examples/Calibration) by extension 'ignore'
[0.698s] Level 1:colcon.colcon_core.package_identification:_identify(lib/HX711_ADC/examples/Calibration) by extension 'ignore_ament_install'
[0.698s] Level 1:colcon.colcon_core.package_identification:_identify(lib/HX711_ADC/examples/Calibration) by extensions ['colcon_pkg']
[0.698s] Level 1:colcon.colcon_core.package_identification:_identify(lib/HX711_ADC/examples/Calibration) by extension 'colcon_pkg'
[0.699s] Level 1:colcon.colcon_core.package_identification:_identify(lib/HX711_ADC/examples/Calibration) by extensions ['colcon_meta']
[0.699s] Level 1:colcon.colcon_core.package_identification:_identify(lib/HX711_ADC/examples/Calibration) by extension 'colcon_meta'
[0.699s] Level 1:colcon.colcon_core.package_identification:_identify(lib/HX711_ADC/examples/Calibration) by extensions ['ros']
[0.699s] Level 1:colcon.colcon_core.package_identification:_identify(lib/HX711_ADC/examples/Calibration) by extension 'ros'
[0.699s] Level 1:colcon.colcon_core.package_identification:_identify(lib/HX711_ADC/examples/Calibration) by extensions ['cmake', 'python']
[0.699s] Level 1:colcon.colcon_core.package_identification:_identify(lib/HX711_ADC/examples/Calibration) by extension 'cmake'
[0.699s] Level 1:colcon.colcon_core.package_identification:_identify(lib/HX711_ADC/examples/Calibration) by extension 'python'
[0.700s] Level 1:colcon.colcon_core.package_identification:_identify(lib/HX711_ADC/examples/Calibration) by extensions ['python_setup_py']
[0.700s] Level 1:colcon.colcon_core.package_identification:_identify(lib/HX711_ADC/examples/Calibration) by extension 'python_setup_py'
[0.700s] Level 1:colcon.colcon_core.package_identification:_identify(lib/HX711_ADC/examples/Persistent_zero_offset) by extensions ['ignore', 'ignore_ament_install']
[0.700s] Level 1:colcon.colcon_core.package_identification:_identify(lib/HX711_ADC/examples/Persistent_zero_offset) by extension 'ignore'
[0.700s] Level 1:colcon.colcon_core.package_identification:_identify(lib/HX711_ADC/examples/Persistent_zero_offset) by extension 'ignore_ament_install'
[0.701s] Level 1:colcon.colcon_core.package_identification:_identify(lib/HX711_ADC/examples/Persistent_zero_offset) by extensions ['colcon_pkg']
[0.701s] Level 1:colcon.colcon_core.package_identification:_identify(lib/HX711_ADC/examples/Persistent_zero_offset) by extension 'colcon_pkg'
[0.701s] Level 1:colcon.colcon_core.package_identification:_identify(lib/HX711_ADC/examples/Persistent_zero_offset) by extensions ['colcon_meta']
[0.701s] Level 1:colcon.colcon_core.package_identification:_identify(lib/HX711_ADC/examples/Persistent_zero_offset) by extension 'colcon_meta'
[0.701s] Level 1:colcon.colcon_core.package_identification:_identify(lib/HX711_ADC/examples/Persistent_zero_offset) by extensions ['ros']
[0.701s] Level 1:colcon.colcon_core.package_identification:_identify(lib/HX711_ADC/examples/Persistent_zero_offset) by extension 'ros'
[0.701s] Level 1:colcon.colcon_core.package_identification:_identify(lib/HX711_ADC/examples/Persistent_zero_offset) by extensions ['cmake', 'python']
[0.701s] Level 1:colcon.colcon_core.package_identification:_identify(lib/HX711_ADC/examples/Persistent_zero_offset) by extension 'cmake'
[0.701s] Level 1:colcon.colcon_core.package_identification:_identify(lib/HX711_ADC/examples/Persistent_zero_offset) by extension 'python'
[0.701s] Level 1:colcon.colcon_core.package_identification:_identify(lib/HX711_ADC/examples/Persistent_zero_offset) by extensions ['python_setup_py']
[0.702s] Level 1:colcon.colcon_core.package_identification:_identify(lib/HX711_ADC/examples/Persistent_zero_offset) by extension 'python_setup_py'
[0.702s] Level 1:colcon.colcon_core.package_identification:_identify(lib/HX711_ADC/examples/Read_1x_load_cell) by extensions ['ignore', 'ignore_ament_install']
[0.702s] Level 1:colcon.colcon_core.package_identification:_identify(lib/HX711_ADC/examples/Read_1x_load_cell) by extension 'ignore'
[0.702s] Level 1:colcon.colcon_core.package_identification:_identify(lib/HX711_ADC/examples/Read_1x_load_cell) by extension 'ignore_ament_install'
[0.702s] Level 1:colcon.colcon_core.package_identification:_identify(lib/HX711_ADC/examples/Read_1x_load_cell) by extensions ['colcon_pkg']
[0.702s] Level 1:colcon.colcon_core.package_identification:_identify(lib/HX711_ADC/examples/Read_1x_load_cell) by extension 'colcon_pkg'
[0.702s] Level 1:colcon.colcon_core.package_identification:_identify(lib/HX711_ADC/examples/Read_1x_load_cell) by extensions ['colcon_meta']
[0.702s] Level 1:colcon.colcon_core.package_identification:_identify(lib/HX711_ADC/examples/Read_1x_load_cell) by extension 'colcon_meta'
[0.703s] Level 1:colcon.colcon_core.package_identification:_identify(lib/HX711_ADC/examples/Read_1x_load_cell) by extensions ['ros']
[0.703s] Level 1:colcon.colcon_core.package_identification:_identify(lib/HX711_ADC/examples/Read_1x_load_cell) by extension 'ros'
[0.703s] Level 1:colcon.colcon_core.package_identification:_identify(lib/HX711_ADC/examples/Read_1x_load_cell) by extensions ['cmake', 'python']
[0.703s] Level 1:colcon.colcon_core.package_identification:_identify(lib/HX711_ADC/examples/Read_1x_load_cell) by extension 'cmake'
[0.703s] Level 1:colcon.colcon_core.package_identification:_identify(lib/HX711_ADC/examples/Read_1x_load_cell) by extension 'python'
[0.703s] Level 1:colcon.colcon_core.package_identification:_identify(lib/HX711_ADC/examples/Read_1x_load_cell) by extensions ['python_setup_py']
[0.703s] Level 1:colcon.colcon_core.package_identification:_identify(lib/HX711_ADC/examples/Read_1x_load_cell) by extension 'python_setup_py'
[0.703s] Level 1:colcon.colcon_core.package_identification:_identify(lib/HX711_ADC/examples/Read_1x_load_cell_interrupt_driven) by extensions ['ignore', 'ignore_ament_install']
[0.704s] Level 1:colcon.colcon_core.package_identification:_identify(lib/HX711_ADC/examples/Read_1x_load_cell_interrupt_driven) by extension 'ignore'
[0.704s] Level 1:colcon.colcon_core.package_identification:_identify(lib/HX711_ADC/examples/Read_1x_load_cell_interrupt_driven) by extension 'ignore_ament_install'
[0.704s] Level 1:colcon.colcon_core.package_identification:_identify(lib/HX711_ADC/examples/Read_1x_load_cell_interrupt_driven) by extensions ['colcon_pkg']
[0.704s] Level 1:colcon.colcon_core.package_identification:_identify(lib/HX711_ADC/examples/Read_1x_load_cell_interrupt_driven) by extension 'colcon_pkg'
[0.704s] Level 1:colcon.colcon_core.package_identification:_identify(lib/HX711_ADC/examples/Read_1x_load_cell_interrupt_driven) by extensions ['colcon_meta']
[0.704s] Level 1:colcon.colcon_core.package_identification:_identify(lib/HX711_ADC/examples/Read_1x_load_cell_interrupt_driven) by extension 'colcon_meta'
[0.704s] Level 1:colcon.colcon_core.package_identification:_identify(lib/HX711_ADC/examples/Read_1x_load_cell_interrupt_driven) by extensions ['ros']
[0.704s] Level 1:colcon.colcon_core.package_identification:_identify(lib/HX711_ADC/examples/Read_1x_load_cell_interrupt_driven) by extension 'ros'
[0.705s] Level 1:colcon.colcon_core.package_identification:_identify(lib/HX711_ADC/examples/Read_1x_load_cell_interrupt_driven) by extensions ['cmake', 'python']
[0.705s] Level 1:colcon.colcon_core.package_identification:_identify(lib/HX711_ADC/examples/Read_1x_load_cell_interrupt_driven) by extension 'cmake'
[0.705s] Level 1:colcon.colcon_core.package_identification:_identify(lib/HX711_ADC/examples/Read_1x_load_cell_interrupt_driven) by extension 'python'
[0.705s] Level 1:colcon.colcon_core.package_identification:_identify(lib/HX711_ADC/examples/Read_1x_load_cell_interrupt_driven) by extensions ['python_setup_py']
[0.705s] Level 1:colcon.colcon_core.package_identification:_identify(lib/HX711_ADC/examples/Read_1x_load_cell_interrupt_driven) by extension 'python_setup_py'
[0.705s] Level 1:colcon.colcon_core.package_identification:_identify(lib/HX711_ADC/examples/Read_2x_load_cell) by extensions ['ignore', 'ignore_ament_install']
[0.705s] Level 1:colcon.colcon_core.package_identification:_identify(lib/HX711_ADC/examples/Read_2x_load_cell) by extension 'ignore'
[0.706s] Level 1:colcon.colcon_core.package_identification:_identify(lib/HX711_ADC/examples/Read_2x_load_cell) by extension 'ignore_ament_install'
[0.706s] Level 1:colcon.colcon_core.package_identification:_identify(lib/HX711_ADC/examples/Read_2x_load_cell) by extensions ['colcon_pkg']
[0.706s] Level 1:colcon.colcon_core.package_identification:_identify(lib/HX711_ADC/examples/Read_2x_load_cell) by extension 'colcon_pkg'
[0.706s] Level 1:colcon.colcon_core.package_identification:_identify(lib/HX711_ADC/examples/Read_2x_load_cell) by extensions ['colcon_meta']
[0.706s] Level 1:colcon.colcon_core.package_identification:_identify(lib/HX711_ADC/examples/Read_2x_load_cell) by extension 'colcon_meta'
[0.706s] Level 1:colcon.colcon_core.package_identification:_identify(lib/HX711_ADC/examples/Read_2x_load_cell) by extensions ['ros']
[0.706s] Level 1:colcon.colcon_core.package_identification:_identify(lib/HX711_ADC/examples/Read_2x_load_cell) by extension 'ros'
[0.706s] Level 1:colcon.colcon_core.package_identification:_identify(lib/HX711_ADC/examples/Read_2x_load_cell) by extensions ['cmake', 'python']
[0.707s] Level 1:colcon.colcon_core.package_identification:_identify(lib/HX711_ADC/examples/Read_2x_load_cell) by extension 'cmake'
[0.707s] Level 1:colcon.colcon_core.package_identification:_identify(lib/HX711_ADC/examples/Read_2x_load_cell) by extension 'python'
[0.707s] Level 1:colcon.colcon_core.package_identification:_identify(lib/HX711_ADC/examples/Read_2x_load_cell) by extensions ['python_setup_py']
[0.707s] Level 1:colcon.colcon_core.package_identification:_identify(lib/HX711_ADC/examples/Read_2x_load_cell) by extension 'python_setup_py'
[0.707s] Level 1:colcon.colcon_core.package_identification:_identify(lib/HX711_ADC/examples/Testing) by extensions ['ignore', 'ignore_ament_install']
[0.707s] Level 1:colcon.colcon_core.package_identification:_identify(lib/HX711_ADC/examples/Testing) by extension 'ignore'
[0.707s] Level 1:colcon.colcon_core.package_identification:_identify(lib/HX711_ADC/examples/Testing) by extension 'ignore_ament_install'
[0.708s] Level 1:colcon.colcon_core.package_identification:_identify(lib/HX711_ADC/examples/Testing) by extensions ['colcon_pkg']
[0.708s] Level 1:colcon.colcon_core.package_identification:_identify(lib/HX711_ADC/examples/Testing) by extension 'colcon_pkg'
[0.708s] Level 1:colcon.colcon_core.package_identification:_identify(lib/HX711_ADC/examples/Testing) by extensions ['colcon_meta']
[0.708s] Level 1:colcon.colcon_core.package_identification:_identify(lib/HX711_ADC/examples/Testing) by extension 'colcon_meta'
[0.708s] Level 1:colcon.colcon_core.package_identification:_identify(lib/HX711_ADC/examples/Testing) by extensions ['ros']
[0.708s] Level 1:colcon.colcon_core.package_identification:_identify(lib/HX711_ADC/examples/Testing) by extension 'ros'
[0.708s] Level 1:colcon.colcon_core.package_identification:_identify(lib/HX711_ADC/examples/Testing) by extensions ['cmake', 'python']
[0.708s] Level 1:colcon.colcon_core.package_identification:_identify(lib/HX711_ADC/examples/Testing) by extension 'cmake'
[0.709s] Level 1:colcon.colcon_core.package_identification:_identify(lib/HX711_ADC/examples/Testing) by extension 'python'
[0.709s] Level 1:colcon.colcon_core.package_identification:_identify(lib/HX711_ADC/examples/Testing) by extensions ['python_setup_py']
[0.709s] Level 1:colcon.colcon_core.package_identification:_identify(lib/HX711_ADC/examples/Testing) by extension 'python_setup_py'
[0.709s] Level 1:colcon.colcon_core.package_identification:_identify(lib/HX711_ADC/extra) by extensions ['ignore', 'ignore_ament_install']
[0.709s] Level 1:colcon.colcon_core.package_identification:_identify(lib/HX711_ADC/extra) by extension 'ignore'
[0.709s] Level 1:colcon.colcon_core.package_identification:_identify(lib/HX711_ADC/extra) by extension 'ignore_ament_install'
[0.710s] Level 1:colcon.colcon_core.package_identification:_identify(lib/HX711_ADC/extra) by extensions ['colcon_pkg']
[0.710s] Level 1:colcon.colcon_core.package_identification:_identify(lib/HX711_ADC/extra) by extension 'colcon_pkg'
[0.710s] Level 1:colcon.colcon_core.package_identification:_identify(lib/HX711_ADC/extra) by extensions ['colcon_meta']
[0.710s] Level 1:colcon.colcon_core.package_identification:_identify(lib/HX711_ADC/extra) by extension 'colcon_meta'
[0.710s] Level 1:colcon.colcon_core.package_identification:_identify(lib/HX711_ADC/extra) by extensions ['ros']
[0.710s] Level 1:colcon.colcon_core.package_identification:_identify(lib/HX711_ADC/extra) by extension 'ros'
[0.710s] Level 1:colcon.colcon_core.package_identification:_identify(lib/HX711_ADC/extra) by extensions ['cmake', 'python']
[0.710s] Level 1:colcon.colcon_core.package_identification:_identify(lib/HX711_ADC/extra) by extension 'cmake'
[0.711s] Level 1:colcon.colcon_core.package_identification:_identify(lib/HX711_ADC/extra) by extension 'python'
[0.711s] Level 1:colcon.colcon_core.package_identification:_identify(lib/HX711_ADC/extra) by extensions ['python_setup_py']
[0.711s] Level 1:colcon.colcon_core.package_identification:_identify(lib/HX711_ADC/extra) by extension 'python_setup_py'
[0.711s] Level 1:colcon.colcon_core.package_identification:_identify(lib/HX711_ADC/src) by extensions ['ignore', 'ignore_ament_install']
[0.711s] Level 1:colcon.colcon_core.package_identification:_identify(lib/HX711_ADC/src) by extension 'ignore'
[0.711s] Level 1:colcon.colcon_core.package_identification:_identify(lib/HX711_ADC/src) by extension 'ignore_ament_install'
[0.712s] Level 1:colcon.colcon_core.package_identification:_identify(lib/HX711_ADC/src) by extensions ['colcon_pkg']
[0.712s] Level 1:colcon.colcon_core.package_identification:_identify(lib/HX711_ADC/src) by extension 'colcon_pkg'
[0.712s] Level 1:colcon.colcon_core.package_identification:_identify(lib/HX711_ADC/src) by extensions ['colcon_meta']
[0.712s] Level 1:colcon.colcon_core.package_identification:_identify(lib/HX711_ADC/src) by extension 'colcon_meta'
[0.712s] Level 1:colcon.colcon_core.package_identification:_identify(lib/HX711_ADC/src) by extensions ['ros']
[0.712s] Level 1:colcon.colcon_core.package_identification:_identify(lib/HX711_ADC/src) by extension 'ros'
[0.712s] Level 1:colcon.colcon_core.package_identification:_identify(lib/HX711_ADC/src) by extensions ['cmake', 'python']
[0.712s] Level 1:colcon.colcon_core.package_identification:_identify(lib/HX711_ADC/src) by extension 'cmake'
[0.713s] Level 1:colcon.colcon_core.package_identification:_identify(lib/HX711_ADC/src) by extension 'python'
[0.713s] Level 1:colcon.colcon_core.package_identification:_identify(lib/HX711_ADC/src) by extensions ['python_setup_py']
[0.713s] Level 1:colcon.colcon_core.package_identification:_identify(lib/HX711_ADC/src) by extension 'python_setup_py'
[0.713s] Level 1:colcon.colcon_core.package_identification:_identify(log) by extensions ['ignore', 'ignore_ament_install']
[0.713s] Level 1:colcon.colcon_core.package_identification:_identify(log) by extension 'ignore'
[0.713s] Level 1:colcon.colcon_core.package_identification:_identify(log) ignored
[0.714s] Level 1:colcon.colcon_core.package_identification:_identify(src) by extensions ['ignore', 'ignore_ament_install']
[0.714s] Level 1:colcon.colcon_core.package_identification:_identify(src) by extension 'ignore'
[0.714s] Level 1:colcon.colcon_core.package_identification:_identify(src) by extension 'ignore_ament_install'
[0.714s] Level 1:colcon.colcon_core.package_identification:_identify(src) by extensions ['colcon_pkg']
[0.714s] Level 1:colcon.colcon_core.package_identification:_identify(src) by extension 'colcon_pkg'
[0.714s] Level 1:colcon.colcon_core.package_identification:_identify(src) by extensions ['colcon_meta']
[0.714s] Level 1:colcon.colcon_core.package_identification:_identify(src) by extension 'colcon_meta'
[0.714s] Level 1:colcon.colcon_core.package_identification:_identify(src) by extensions ['ros']
[0.715s] Level 1:colcon.colcon_core.package_identification:_identify(src) by extension 'ros'
[0.715s] Level 1:colcon.colcon_core.package_identification:_identify(src) by extensions ['cmake', 'python']
[0.715s] Level 1:colcon.colcon_core.package_identification:_identify(src) by extension 'cmake'
[0.715s] Level 1:colcon.colcon_core.package_identification:_identify(src) by extension 'python'
[0.715s] Level 1:colcon.colcon_core.package_identification:_identify(src) by extensions ['python_setup_py']
[0.715s] Level 1:colcon.colcon_core.package_identification:_identify(src) by extension 'python_setup_py'
[0.715s] Level 1:colcon.colcon_core.package_identification:_identify(test) by extensions ['ignore', 'ignore_ament_install']
[0.716s] Level 1:colcon.colcon_core.package_identification:_identify(test) by extension 'ignore'
[0.716s] Level 1:colcon.colcon_core.package_identification:_identify(test) by extension 'ignore_ament_install'
[0.716s] Level 1:colcon.colcon_core.package_identification:_identify(test) by extensions ['colcon_pkg']
[0.716s] Level 1:colcon.colcon_core.package_identification:_identify(test) by extension 'colcon_pkg'
[0.716s] Level 1:colcon.colcon_core.package_identification:_identify(test) by extensions ['colcon_meta']
[0.716s] Level 1:colcon.colcon_core.package_identification:_identify(test) by extension 'colcon_meta'
[0.716s] Level 1:colcon.colcon_core.package_identification:_identify(test) by extensions ['ros']
[0.716s] Level 1:colcon.colcon_core.package_identification:_identify(test) by extension 'ros'
[0.717s] Level 1:colcon.colcon_core.package_identification:_identify(test) by extensions ['cmake', 'python']
[0.717s] Level 1:colcon.colcon_core.package_identification:_identify(test) by extension 'cmake'
[0.717s] Level 1:colcon.colcon_core.package_identification:_identify(test) by extension 'python'
[0.717s] Level 1:colcon.colcon_core.package_identification:_identify(test) by extensions ['python_setup_py']
[0.717s] Level 1:colcon.colcon_core.package_identification:_identify(test) by extension 'python_setup_py'
[0.717s] Level 1:colcon.colcon_core.package_discovery:discover_packages(recursive) using defaults
[0.717s] Level 1:colcon.colcon_core.package_discovery:discover_packages(ignore) discover
[0.717s] Level 1:colcon.colcon_core.package_discovery:discover_packages(ignore) using defaults
[0.717s] Level 1:colcon.colcon_core.package_discovery:discover_packages(path) discover
[0.717s] Level 1:colcon.colcon_core.package_discovery:discover_packages(path) using defaults
